[2024-06-01 23:29:47] Matricula: 2024001 - Ação: Login bem-sucedido - Detalhes: Email: adm@adm.com
[2024-06-01 23:29:56] Matricula: 2024001 - Ação: Login bem-sucedido - Detalhes: Email: adm@adm.com
[2024-06-01 23:30:01] Matricula: desconhecido - Ação: Tentativa de login falhou - Detalhes: Senha incorreta - Email: adm@adm.com
[2024-06-01 23:30:01] Matricula: desconhecido - Ação: Tentativa de login falhou - Detalhes: Email: adm@adm.com
[2024-06-01 23:30:04] Matricula: desconhecido - Ação: Tentativa de login falhou - Detalhes: Email não encontrado - Email: a
[2024-06-01 23:30:04] Matricula: desconhecido - Ação: Tentativa de login falhou - Detalhes: Email: a
[2024-06-01 23:31:15] Matricula: 2024003 - Ação: Login bem-sucedido - Detalhes: Email: fun@ti.com
[2024-06-01 23:33:03] Matricula: 2024002 - Ação: Login bem-sucedido - Detalhes: Email: gerente@ti.com
[2024-06-01 23:45:56] Matricula: 2024001 - Ação: Login bem-sucedido - Detalhes: Email: adm@adm.com
[2024-06-01 23:49:51] Matricula: 2024001 - Ação: SUCESSO - Cadastro de Conta - Detalhes: Matricula Cadastrada: 2024082, Status: Ativo
[2024-06-01 18:52:09] Matricula: 2024001 - Ação: Login bem-sucedido - Detalhes: Email: adm@adm.com
[2024-06-01 20:42:55] Matricula: 2024004 - Ação: Login bem-sucedido - Detalhes: Email: almo@almo.com
[2024-06-01 20:43:14] Matricula: 2024001 - Ação: Login bem-sucedido - Detalhes: Email: adm@adm.com
[2024-06-01 20:43:39] Matricula: 2024001 - Ação: SUCESSO - Cadastro de Conta - Detalhes: Matricula Cadastrada: 2024098, Status: Ativo
[2024-06-02 19:56:16] Matricula: 2024001 - Ação: Login bem-sucedido - Detalhes: Email: adm@adm.com
[2024-06-02 20:00:10] Matricula: 2024001 - Ação: Login bem-sucedido - Detalhes: Email: adm@adm.com
[2024-06-02 20:01:25] Matricula: 2024001 - Ação: SUCESSO - Cadastro de Conta - Detalhes: Matricula Cadastrada: 2024078, Status: Ativo
[2024-06-02 20:02:03] Matricula: 2024003 - Ação: Login bem-sucedido - Detalhes: Email: fun@ti.com
[2024-06-02 20:02:33] Matricula: 2024078 - Ação: Login bem-sucedido - Detalhes: Email: funcionario@limpeza.com
[2024-06-02 20:04:39] Matricula: 2024001 - Ação: Login bem-sucedido - Detalhes: Email: adm@adm.com
[2024-06-02 20:06:12] Matricula: 2024001 - Ação: SUCESSO - Cadastro de Conta - Detalhes: Matricula Cadastrada: 2024075, Status: Ativo
[2024-06-02 20:06:28] Matricula: 2024075 - Ação: Login bem-sucedido - Detalhes: Email: Gerente@limpeza.com
[2024-06-02 20:07:39] Matricula: 2024004 - Ação: Login bem-sucedido - Detalhes: Email: almo@almo.com
[2024-06-02 20:12:30] Matricula: 2024078 - Ação: Login bem-sucedido - Detalhes: Email: funcionario@limpeza.com
[2024-06-02 20:31:21] Matricula: 2024001 - Ação: Login bem-sucedido - Detalhes: Email: adm@adm.com
[2024-06-02 21:11:09] Matricula: 2024001 - Ação: Login bem-sucedido - Detalhes: Email: adm@adm.com
[2024-06-02 21:55:21] Matricula: 2024004 - Ação: Login bem-sucedido - Detalhes: Email: almo@almo.com
[2024-06-02 21:57:57] Matricula: 2024004 - Ação: Quantidade Atualizada - Detalhes: ID Item: 1, Quantidade: 110
[2024-06-02 22:09:59] Matricula: 2024004 - Ação: Cadastrar Item - Detalhes: ID: 11, Item: Pacote 10 Fita Hellermann, Quantidade: 10
